<?xml version="1.0" encoding="UTF-8"?>
<testng-results ignored="0" total="1" passed="1" failed="0" skipped="0">
  <reporter-output>
  </reporter-output>
  <suite started-at="2024-03-12T14:31:04 IST" name="Default suite" finished-at="2024-03-12T14:31:51 IST" duration-ms="47350">
    <groups>
    </groups>
    <test started-at="2024-03-12T14:31:04 IST" name="Default test" finished-at="2024-03-12T14:31:51 IST" duration-ms="47350">
      <class name="rts.testcases.AddVehicle">
        <test-method is-config="true" signature="setup()[pri:0, instance:rts.testcases.AddVehicle@d9345cd]" started-at="2024-03-12T14:31:04 IST" name="setup" finished-at="2024-03-12T14:31:08 IST" duration-ms="4364" status="PASS">
          <reporter-output>
          </reporter-output>
        </test-method> <!-- setup -->
        <test-method signature="verifyloginvalidcredential()[pri:1, instance:rts.testcases.AddVehicle@d9345cd]" started-at="2024-03-12T14:31:08 IST" name="verifyloginvalidcredential" finished-at="2024-03-12T14:31:51 IST" duration-ms="42931" status="PASS">
          <reporter-output>
          </reporter-output>
        </test-method> <!-- verifyloginvalidcredential -->
      </class> <!-- rts.testcases.AddVehicle -->
    </test> <!-- Default test -->
  </suite> <!-- Default suite -->
</testng-results>
